/
|-- bin -> usr/bin
|-- boot
|-- dev
|   |-- core -> /proc/kcore
|   |-- fd -> /proc/self/fd
|   |-- full
|   |-- mqueue
|   |-- null
|   |-- ptmx -> pts/ptmx
|   |-- pts
|   |-- random
|   |-- shm
|   |-- stderr -> /proc/self/fd/2
|   |-- stdin -> /proc/self/fd/0
|   |-- stdout -> /proc/self/fd/1
|   |-- tty
|   |-- urandom
|   `-- zero
|-- etc
|   |-- adduser.conf
|   |-- alternatives
|   |-- apt
|   |-- bash.bashrc
|   |-- bindresvport.blacklist
|   |-- ca-certificates
|   |-- ca-certificates.conf
|   |-- ca-certificates.conf.dpkg-old
|   |-- cloud
|   |-- cron.d
|   |-- cron.daily
|   |-- debconf.conf
|   |-- debian_version
|   |-- default
|   |-- deluser.conf
|   |-- dpkg
|   |-- e2scrub.conf
|   |-- environment
|   |-- fstab
|   |-- gai.conf
|   |-- group
|   |-- gshadow
|   |-- gss
|   |-- host.conf
|   |-- hostname
|   |-- hosts
|   |-- init.d
|   |-- issue
|   |-- issue.net
|   |-- kernel
|   |-- ld.so.cache
|   |-- ld.so.conf
|   |-- ld.so.conf.d
|   |-- legal
|   |-- libaudit.conf
|   |-- login.defs
|   |-- logrotate.d
|   |-- lsb-release
|   |-- machine-id
|   |-- mke2fs.conf
|   |-- netconfig
|   |-- networks
|   |-- nsswitch.conf
|   |-- opt
|   |-- os-release -> ../usr/lib/os-release
|   |-- pam.conf
|   |-- pam.d
|   |-- passwd
|   |-- profile
|   |-- profile.d
|   |-- rc0.d
|   |-- rc1.d
|   |-- rc2.d
|   |-- rc3.d
|   |-- rc4.d
|   |-- rc5.d
|   |-- rc6.d
|   |-- rcS.d
|   |-- resolv.conf
|   |-- rmt -> /usr/sbin/rmt
|   |-- security
|   |-- selinux
|   |-- shadow
|   |-- shells
|   |-- skel
|   |-- ssl
|   |-- subgid
|   |-- subuid
|   |-- sysctl.conf
|   |-- sysctl.d
|   |-- systemd
|   |-- terminfo
|   |-- update-motd.d
|   `-- xattr.conf
|-- home
|-- lib -> usr/lib
|-- lib32 -> usr/lib32
|-- lib64 -> usr/lib64
|-- libx32 -> usr/libx32
|-- media
|-- mnt
|-- opt
|   `-- conda
|-- proc
|   |-- 1
|   |-- 7
|   |-- acpi
|   |-- buddyinfo
|   |-- bus
|   |-- cgroups
|   |-- cmdline
|   |-- config.gz
|   |-- consoles
|   |-- cpuinfo
|   |-- crypto
|   |-- devices
|   |-- diskstats
|   |-- dma
|   |-- driver
|   |-- dynamic_debug
|   |-- execdomains
|   |-- fb
|   |-- filesystems
|   |-- fs
|   |-- interrupts
|   |-- iomem
|   |-- ioports
|   |-- irq
|   |-- kallsyms
|   |-- kcore
|   |-- key-users
|   |-- keys
|   |-- kmsg
|   |-- kpagecgroup
|   |-- kpagecount
|   |-- kpageflags
|   |-- latency_stats
|   |-- loadavg
|   |-- locks
|   |-- meminfo
|   |-- misc
|   |-- modules
|   |-- mounts -> self/mounts
|   |-- mpt
|   |-- mtrr
|   |-- net -> self/net
|   |-- pagetypeinfo
|   |-- partitions
|   |-- pressure
|   |-- schedstat
|   |-- scsi
|   |-- self -> 7
|   |-- slabinfo
|   |-- softirqs
|   |-- stat
|   |-- swaps
|   |-- sys
|   |-- sysrq-trigger
|   |-- sysvipc
|   |-- thread-self -> 7/task/7
|   |-- timer_list
|   |-- tty
|   |-- uptime
|   |-- version
|   |-- vmallocinfo
|   |-- vmstat
|   `-- zoneinfo
|-- root
|-- run
|   |-- lock
|   |-- mount
|   `-- systemd
|-- sbin -> usr/sbin
|-- srv
|-- sys
|   |-- block
|   |-- bus
|   |-- class
|   |-- dev
|   |-- devices
|   |-- firmware
|   |-- fs
|   |-- hypervisor
|   |-- kernel
|   |-- module
|   `-- power
|-- tmp
|-- usr
|   |-- bin
|   |-- games
|   |-- include
|   |-- lib
|   |-- lib32
|   |-- lib64
|   |-- libexec
|   |-- libx32
|   |-- local
|   |-- sbin
|   |-- share
|   `-- src
|-- var
|   |-- backups
|   |-- cache
|   |-- lib
|   |-- local
|   |-- lock -> /run/lock
|   |-- log
|   |-- mail
|   |-- opt
|   |-- run -> /run
|   |-- spool
|   `-- tmp
`-- workspace
    |-- container_struct
    `-- matrix-bgpsim

115 directories, 99 files
